{"name": "test_homepage_validation", "status": "broken", "statusDetails": {"message": "selenium.common.exceptions.ElementClickInterceptedException: Message: element click intercepted: Element is not clickable at point (424, 711)\n  (Session info: chrome=131.0.6778.205)\nStacktrace:\n\tGetHandleVerifier [0x00007FF7C130FB05+28789]\n\t(No symbol) [0x00007FF7C12786E0]\n\t(No symbol) [0x00007FF7C111592A]\n\t(No symbol) [0x00007FF7C1170FDE]\n\t(No symbol) [0x00007FF7C116EA7C]\n\t(No symbol) [0x00007FF7C116BC46]\n\t(No symbol) [0x00007FF7C116ABA1]\n\t(No symbol) [0x00007FF7C115CD60]\n\t(No symbol) [0x00007FF7C118F43A]\n\t(No symbol) [0x00007FF7C115C5B6]\n\t(No symbol) [0x00007FF7C118F650]\n\t(No symbol) [0x00007FF7C11AF654]\n\t(No symbol) [0x00007FF7C118F1E3]\n\t(No symbol) [0x00007FF7C115A938]\n\t(No symbol) [0x00007FF7C115BAA1]\n\tGetHandleVerifier [0x00007FF7C164933D+3410093]\n\tGetHandleVerifier [0x00007FF7C165E7DD+3497293]\n\tGetHandleVerifier [0x00007FF7C1652A73+3448803]\n\tGetHandleVerifier [0x00007FF7C13D7BBB+848171]\n\t(No symbol) [0x00007FF7C1283C3F]\n\t(No symbol) [0x00007FF7C127F6E4]\n\t(No symbol) [0x00007FF7C127F87D]\n\t(No symbol) [0x00007FF7C126ED49]\n\tBaseThreadInitThunk [0x00007FFC3B7C259D+29]\n\tRtlUserThreadStart [0x00007FFC3DB0AF38+40]", "trace": "self = <PT_scripts.Test_stakify.Test_Stakify_e2e object at 0x000002471AC379D0>\nreadJson = {'Email': 'jayannajay7@gmail.com', 'First_name': 'jayanna', 'Item_1': 'Sauce Labs Backpack', 'Item_2': 'Sauce Labs Bike Light', ...}\n\n    def test_homepage_validation(self, readJson):\n        homepage = Stakifyy_page_object(self.driver)  # Activating the driver which we have created in supporting file (qualitrix_page_object.py).\n        homepage.launch_the_app(readJson['stakify_url'])\n        homepage.validate_headermenu()\n        homepage.test_mouseoveraction()\n        homepage.test_languages()\n        homepage.test_click_ruby()\n        homepage.test_validate_checkboxes()\n        homepage.click_reviewdoclink()\n        homepage.test_validating_buttons()\n        homepage.test_schedule_demo()\n        homepage.test_fillthe_details(readJson)\n>       homepage.mouseover_solutions()\n\nPT_scripts\\Test_stakify.py:27: \n_ _ _ _ _ _ _ _ _ _ _ _ _ _ _ _ _ _ _ _ _ _ _ _ _ _ _ _ _ _ _ _ _ _ _ _ _ _ _ _ _ _ _ _ _ _ _ _ _ _ _ _ _ _ _ _ _ _ _ _ _ _ _ _ _ _ _ _ _ _ _ \nPage_objects\\Stackify_page_objects.py:227: in mouseover_solutions\n    self.driver.find_element(By.XPATH,Stackify_locators.Apm_sandbox()).click()\n.venv\\Lib\\site-packages\\selenium\\webdriver\\remote\\webelement.py:94: in click\n    self._execute(Command.CLICK_ELEMENT)\n.venv\\Lib\\site-packages\\selenium\\webdriver\\remote\\webelement.py:402: in _execute\n    return self._parent.execute(command, params)\n.venv\\Lib\\site-packages\\selenium\\webdriver\\remote\\webdriver.py:384: in execute\n    self.error_handler.check_response(response)\n_ _ _ _ _ _ _ _ _ _ _ _ _ _ _ _ _ _ _ _ _ _ _ _ _ _ _ _ _ _ _ _ _ _ _ _ _ _ _ _ _ _ _ _ _ _ _ _ _ _ _ _ _ _ _ _ _ _ _ _ _ _ _ _ _ _ _ _ _ _ _ \n\nself = <selenium.webdriver.remote.errorhandler.ErrorHandler object at 0x000002471AD46270>\nresponse = {'status': 400, 'value': '{\"value\":{\"error\":\"element click intercepted\",\"message\":\"element click intercepted: Element ...07FF7C126ED49]\\\\n\\\\tBaseThreadInitThunk [0x00007FFC3B7C259D+29]\\\\n\\\\tRtlUserThreadStart [0x00007FFC3DB0AF38+40]\\\\n\"}}'}\n\n    def check_response(self, response: Dict[str, Any]) -> None:\n        \"\"\"Checks that a JSON response from the WebDriver does not have an\n        error.\n    \n        :Args:\n         - response - The JSON response from the WebDriver server as a dictionary\n           object.\n    \n        :Raises: If the response contains an error message.\n        \"\"\"\n        status = response.get(\"status\", None)\n        if not status or status == ErrorCode.SUCCESS:\n            return\n        value = None\n        message = response.get(\"message\", \"\")\n        screen: str = response.get(\"screen\", \"\")\n        stacktrace = None\n        if isinstance(status, int):\n            value_json = response.get(\"value\", None)\n            if value_json and isinstance(value_json, str):\n                import json\n    \n                try:\n                    value = json.loads(value_json)\n                    if len(value) == 1:\n                        value = value[\"value\"]\n                    status = value.get(\"error\", None)\n                    if not status:\n                        status = value.get(\"status\", ErrorCode.UNKNOWN_ERROR)\n                        message = value.get(\"value\") or value.get(\"message\")\n                        if not isinstance(message, str):\n                            value = message\n                            message = message.get(\"message\")\n                    else:\n                        message = value.get(\"message\", None)\n                except ValueError:\n                    pass\n    \n        exception_class: Type[WebDriverException]\n        e = ErrorCode()\n        error_codes = [item for item in dir(e) if not item.startswith(\"__\")]\n        for error_code in error_codes:\n            error_info = getattr(ErrorCode, error_code)\n            if isinstance(error_info, list) and status in error_info:\n                exception_class = getattr(ExceptionMapping, error_code, WebDriverException)\n                break\n        else:\n            exception_class = WebDriverException\n    \n        if not value:\n            value = response[\"value\"]\n        if isinstance(value, str):\n            raise exception_class(value)\n        if message == \"\" and \"message\" in value:\n            message = value[\"message\"]\n    \n        screen = None  # type: ignore[assignment]\n        if \"screen\" in value:\n            screen = value[\"screen\"]\n    \n        stacktrace = None\n        st_value = value.get(\"stackTrace\") or value.get(\"stacktrace\")\n        if st_value:\n            if isinstance(st_value, str):\n                stacktrace = st_value.split(\"\\n\")\n            else:\n                stacktrace = []\n                try:\n                    for frame in st_value:\n                        line = frame.get(\"lineNumber\", \"\")\n                        file = frame.get(\"fileName\", \"<anonymous>\")\n                        if line:\n                            file = f\"{file}:{line}\"\n                        meth = frame.get(\"methodName\", \"<anonymous>\")\n                        if \"className\" in frame:\n                            meth = f\"{frame['className']}.{meth}\"\n                        msg = \"    at %s (%s)\"\n                        msg = msg % (meth, file)\n                        stacktrace.append(msg)\n                except TypeError:\n                    pass\n        if exception_class == UnexpectedAlertPresentException:\n            alert_text = None\n            if \"data\" in value:\n                alert_text = value[\"data\"].get(\"text\")\n            elif \"alert\" in value:\n                alert_text = value[\"alert\"].get(\"text\")\n            raise exception_class(message, screen, stacktrace, alert_text)  # type: ignore[call-arg]  # mypy is not smart enough here\n>       raise exception_class(message, screen, stacktrace)\nE       selenium.common.exceptions.ElementClickInterceptedException: Message: element click intercepted: Element is not clickable at point (424, 711)\nE         (Session info: chrome=131.0.6778.205)\nE       Stacktrace:\nE       \tGetHandleVerifier [0x00007FF7C130FB05+28789]\nE       \t(No symbol) [0x00007FF7C12786E0]\nE       \t(No symbol) [0x00007FF7C111592A]\nE       \t(No symbol) [0x00007FF7C1170FDE]\nE       \t(No symbol) [0x00007FF7C116EA7C]\nE       \t(No symbol) [0x00007FF7C116BC46]\nE       \t(No symbol) [0x00007FF7C116ABA1]\nE       \t(No symbol) [0x00007FF7C115CD60]\nE       \t(No symbol) [0x00007FF7C118F43A]\nE       \t(No symbol) [0x00007FF7C115C5B6]\nE       \t(No symbol) [0x00007FF7C118F650]\nE       \t(No symbol) [0x00007FF7C11AF654]\nE       \t(No symbol) [0x00007FF7C118F1E3]\nE       \t(No symbol) [0x00007FF7C115A938]\nE       \t(No symbol) [0x00007FF7C115BAA1]\nE       \tGetHandleVerifier [0x00007FF7C164933D+3410093]\nE       \tGetHandleVerifier [0x00007FF7C165E7DD+3497293]\nE       \tGetHandleVerifier [0x00007FF7C1652A73+3448803]\nE       \tGetHandleVerifier [0x00007FF7C13D7BBB+848171]\nE       \t(No symbol) [0x00007FF7C1283C3F]\nE       \t(No symbol) [0x00007FF7C127F6E4]\nE       \t(No symbol) [0x00007FF7C127F87D]\nE       \t(No symbol) [0x00007FF7C126ED49]\nE       \tBaseThreadInitThunk [0x00007FFC3B7C259D+29]\nE       \tRtlUserThreadStart [0x00007FFC3DB0AF38+40]\n\n.venv\\Lib\\site-packages\\selenium\\webdriver\\remote\\errorhandler.py:232: ElementClickInterceptedException"}, "attachments": [{"name": "stdout", "source": "bcc07d9e-7d2d-45f9-a99f-d15ab8d6ce71-attachment.txt", "type": "text/plain"}], "start": 1735714817694, "stop": 1735714880196, "uuid": "ae2a5fb8-e6cf-430c-a755-1609fcd7cca3", "historyId": "ac40a900b0917df8627c11f70867f053", "testCaseId": "ac40a900b0917df8627c11f70867f053", "fullName": "PT_scripts.Test_stakify.Test_Stakify_e2e#test_homepage_validation", "labels": [{"name": "tag", "value": "@pytest.mark.usefixtures('browser_crbt')"}, {"name": "parentSuite", "value": "PT_scripts"}, {"name": "suite", "value": "Test_stakify"}, {"name": "subSuite", "value": "Test_Stakify_e2e"}, {"name": "host", "value": "Jayanna"}, {"name": "thread", "value": "28332-MainThread"}, {"name": "framework", "value": "pytest"}, {"name": "language", "value": "cpython3"}, {"name": "package", "value": "PT_scripts.Test_stakify"}]}